[2018-11-15 20:53:42.030] [exthost] [info] extension host started
[2018-11-15 20:53:42.044] [exthost] [info] ExtensionService#_doActivateExtension vscode.debug-auto-launch {"startup":true,"activationEvent":"*"}
[2018-11-15 20:53:42.044] [exthost] [info] ExtensionService#loadCommonJSModule /usr/share/code/resources/app/extensions/debug-auto-launch/dist/extension
[2018-11-15 20:53:42.049] [exthost] [info] ExtensionService#_doActivateExtension vscode.emmet {"startup":true,"activationEvent":"*"}
[2018-11-15 20:53:42.049] [exthost] [info] ExtensionService#loadCommonJSModule /usr/share/code/resources/app/extensions/emmet/dist/extension
[2018-11-15 20:53:42.064] [exthost] [info] ExtensionService#_doActivateExtension vscode.git {"startup":true,"activationEvent":"*"}
[2018-11-15 20:53:42.064] [exthost] [info] ExtensionService#loadCommonJSModule /usr/share/code/resources/app/extensions/git/dist/main
[2018-11-15 20:53:42.168] [exthost] [info] ExtensionService#_doActivateExtension vscode.merge-conflict {"startup":true,"activationEvent":"*"}
[2018-11-15 20:53:42.168] [exthost] [info] ExtensionService#loadCommonJSModule /usr/share/code/resources/app/extensions/merge-conflict/dist/extension
[2018-11-15 20:53:42.173] [exthost] [info] eager extensions activated
[2018-11-15 20:53:42.209] [exthost] [info] ExtensionService#_doActivateExtension ajshort.ros {"startup":true,"activationEvent":"*"}
[2018-11-15 20:53:42.209] [exthost] [info] ExtensionService#loadCommonJSModule /root/.vscode/extensions/ajshort.ros-0.3.0/out/src/extension
[2018-11-15 20:54:05.604] [exthost] [info] extension host started
[2018-11-15 20:54:05.618] [exthost] [info] ExtensionService#_doActivateExtension vscode.debug-auto-launch {"startup":true,"activationEvent":"*"}
[2018-11-15 20:54:05.618] [exthost] [info] ExtensionService#loadCommonJSModule /usr/share/code/resources/app/extensions/debug-auto-launch/dist/extension
[2018-11-15 20:54:05.622] [exthost] [info] ExtensionService#_doActivateExtension vscode.emmet {"startup":true,"activationEvent":"*"}
[2018-11-15 20:54:05.622] [exthost] [info] ExtensionService#loadCommonJSModule /usr/share/code/resources/app/extensions/emmet/dist/extension
[2018-11-15 20:54:05.636] [exthost] [info] ExtensionService#_doActivateExtension vscode.git {"startup":true,"activationEvent":"*"}
[2018-11-15 20:54:05.636] [exthost] [info] ExtensionService#loadCommonJSModule /usr/share/code/resources/app/extensions/git/dist/main
[2018-11-15 20:54:05.727] [exthost] [info] ExtensionService#_doActivateExtension vscode.merge-conflict {"startup":true,"activationEvent":"*"}
[2018-11-15 20:54:05.727] [exthost] [info] ExtensionService#loadCommonJSModule /usr/share/code/resources/app/extensions/merge-conflict/dist/extension
[2018-11-15 20:54:05.734] [exthost] [info] eager extensions activated
[2018-11-15 20:54:05.769] [exthost] [info] ExtensionService#_doActivateExtension ajshort.ros {"startup":true,"activationEvent":"*"}
[2018-11-15 20:54:05.769] [exthost] [info] ExtensionService#loadCommonJSModule /root/.vscode/extensions/ajshort.ros-0.3.0/out/src/extension
